{
  "RSpec": {
    "coverage": {
      "/myapp/spec/helpers/clip_helper_spec.rb": {
        "lines": [
          1,
          null,
          null,
          null,
          null,
          null,
          null,
          null,
          null,
          null,
          null,
          null,
          null,
          null,
          null
        ]
      },
      "/myapp/spec/rails_helper.rb": {
        "lines": [
          null,
          1,
          1,
          1,
          null,
          2,
          null,
          1,
          null,
          1,
          null,
          null,
          1,
          null,
          0,
          null,
          1,
          1,
          null,
          null,
          null,
          1,
          null,
          1,
          null,
          1,
          null,
          1,
          2,
          2,
          2,
          2,
          2,
          null,
          null
        ]
      },
      "/myapp/config/environment.rb": {
        "lines": [
          null,
          1,
          null,
          null,
          1
        ]
      },
      "/myapp/config/application.rb": {
        "lines": [
          1,
          null,
          1,
          null,
          1,
          null,
          1,
          1,
          null,
          1,
          null,
          null,
          1,
          null,
          null,
          1,
          1,
          null,
          null,
          1,
          null,
          1,
          null,
          null
        ]
      },
      "/myapp/config/boot.rb": {
        "lines": [
          1,
          null,
          1,
          1
        ]
      },
      "/myapp/config/environments/test.rb": {
        "lines": [
          1,
          null,
          null,
          null,
          null,
          null,
          null,
          1,
          null,
          null,
          null,
          1,
          null,
          null,
          null,
          null,
          null,
          1,
          null,
          null,
          1,
          null,
          null,
          1,
          1,
          1,
          null,
          null,
          1,
          null,
          null,
          1,
          null,
          null,
          1,
          null,
          null,
          null,
          1,
          null,
          null,
          null,
          null,
          1,
          null,
          null,
          null,
          1,
          null,
          null,
          1,
          null,
          null,
          1,
          null,
          null,
          1,
          null,
          null,
          null,
          null,
          null,
          null,
          null,
          null,
          1,
          null
        ]
      },
      "/myapp/config/initializers/assets.rb": {
        "lines": [
          null,
          null,
          null,
          1,
          null,
          null,
          null,
          null,
          null,
          null,
          null,
          null
        ]
      },
      "/myapp/config/initializers/content_security_policy.rb": {
        "lines": [
          null,
          null,
          null,
          null,
          null,
          null,
          null,
          null,
          null,
          null,
          null,
          null,
          null,
          null,
          null,
          null,
          null,
          null,
          null,
          null,
          null,
          null,
          null,
          null,
          null
        ]
      },
      "/myapp/config/initializers/cors.rb": {
        "lines": [
          null,
          null,
          1,
          1,
          1,
          null,
          1,
          null,
          null,
          null,
          null,
          null
        ]
      },
      "/myapp/config/initializers/devise.rb": {
        "lines": [
          null,
          1,
          1,
          null,
          1,
          null,
          1,
          null,
          1,
          null,
          1,
          null,
          1,
          null,
          1,
          null,
          1,
          null,
          1,
          null,
          1,
          null,
          1,
          null,
          1,
          1,
          null,
          null,
          1,
          null,
          null,
          1,
          null
        ]
      },
      "/myapp/config/initializers/filter_parameter_logging.rb": {
        "lines": [
          null,
          null,
          null,
          null,
          null,
          1,
          null,
          null
        ]
      },
      "/myapp/config/initializers/inflections.rb": {
        "lines": [
          null,
          null,
          null,
          null,
          null,
          null,
          null,
          null,
          null,
          null,
          null,
          null,
          null,
          null,
          null,
          null
        ]
      },
      "/myapp/config/initializers/kaminari_config.rb": {
        "lines": [
          1,
          1,
          null
        ]
      },
      "/myapp/config/initializers/meta_tags.rb": {
        "lines": [
          null,
          null,
          null,
          1,
          null,
          null,
          null,
          null,
          null,
          null,
          null,
          null,
          null,
          null,
          null,
          null,
          null,
          null,
          null,
          null,
          null,
          null,
          null,
          null,
          null,
          null,
          null,
          null,
          null,
          null,
          null,
          null,
          null,
          null,
          null,
          null,
          null,
          null,
          null,
          null,
          null,
          null,
          null,
          null,
          null,
          null,
          null,
          null,
          null
        ]
      },
      "/myapp/config/initializers/permissions_policy.rb": {
        "lines": [
          null,
          null,
          null,
          null,
          null,
          null,
          null,
          null,
          null,
          null,
          null,
          null,
          null
        ]
      },
      "/myapp/config/initializers/session_store.rb": {
        "lines": [
          1
        ]
      },
      "/myapp/config/initializers/sidekiq.rb": {
        "lines": [
          null,
          null,
          1,
          1,
          null,
          1,
          0,
          null,
          0,
          0,
          null,
          0,
          0,
          0,
          0,
          0,
          null,
          0,
          null,
          null,
          null,
          null,
          1,
          1,
          null
        ]
      },
      "/myapp/spec/factories/clips.rb": {
        "lines": [
          1,
          1,
          1,
          1,
          41,
          41,
          35,
          41,
          41,
          41,
          null,
          null
        ]
      },
      "/myapp/spec/factories/games.rb": {
        "lines": [
          1,
          1,
          20,
          8,
          20,
          20,
          null,
          null
        ]
      },
      "/myapp/spec/factories/likes.rb": {
        "lines": [
          1,
          1,
          1,
          1,
          null,
          null
        ]
      },
      "/myapp/spec/factories/playlist_clips.rb": {
        "lines": [
          1,
          1,
          1,
          1,
          null,
          null
        ]
      },
      "/myapp/spec/factories/playlists.rb": {
        "lines": [
          1,
          1,
          1,
          1,
          51,
          55,
          null,
          null
        ]
      },
      "/myapp/spec/factories/streamers.rb": {
        "lines": [
          1,
          1,
          41,
          41,
          41,
          41,
          41,
          null,
          null
        ]
      },
      "/myapp/spec/factories/users.rb": {
        "lines": [
          1,
          1,
          46,
          44,
          43,
          43,
          null,
          null
        ]
      },
      "/myapp/config/routes.rb": {
        "lines": [
          1,
          null,
          null,
          1,
          1,
          1,
          1,
          null,
          null,
          null,
          null,
          1,
          null,
          null,
          1,
          null,
          null,
          1,
          1,
          null,
          null,
          null,
          1,
          1,
          null,
          null,
          null,
          1,
          null,
          1,
          null,
          null,
          1,
          1,
          null,
          null,
          null,
          1,
          null,
          null,
          1,
          1,
          null,
          null,
          1,
          0,
          null,
          null,
          null,
          1,
          null
        ]
      },
      "/myapp/app/models/user.rb": {
        "lines": [
          1,
          null,
          1,
          1,
          1,
          1,
          1,
          1,
          1,
          null,
          1,
          null,
          null,
          1,
          null,
          1,
          1,
          1,
          null,
          null,
          1,
          1,
          1,
          null,
          null,
          1,
          0,
          0,
          0,
          0,
          0,
          0,
          null,
          null,
          null,
          0,
          0,
          0,
          0,
          0,
          0,
          0,
          null,
          0,
          null,
          null,
          null,
          0,
          null,
          0,
          null,
          null,
          null,
          1,
          0,
          null,
          null,
          null,
          1,
          0,
          null,
          null,
          null,
          1,
          42,
          null,
          null,
          1,
          0,
          0,
          0,
          null,
          null,
          null
        ]
      },
      "/myapp/app/models/application_record.rb": {
        "lines": [
          1,
          1,
          null
        ]
      },
      "/myapp/spec/support/capybara.rb": {
        "lines": [
          1,
          0,
          0,
          0,
          0,
          0,
          0,
          null
        ]
      },
      "/myapp/app/helpers/application_helper.rb": {
        "lines": [
          1,
          1,
          2,
          2,
          null,
          2,
          null,
          null,
          null,
          null,
          null,
          null,
          null,
          null,
          null,
          null,
          null,
          null,
          null,
          null,
          null,
          null,
          null,
          null,
          null,
          null,
          null,
          null,
          null,
          null
        ]
      },
      "/myapp/app/helpers/clip_helper.rb": {
        "lines": [
          1,
          null
        ]
      },
      "/myapp/app/helpers/games_helper.rb": {
        "lines": [
          1,
          null
        ]
      },
      "/myapp/app/helpers/images_helper.rb": {
        "lines": [
          1,
          null
        ]
      },
      "/myapp/app/helpers/static_pages_helper.rb": {
        "lines": [
          1,
          null
        ]
      },
      "/myapp/app/helpers/streamers_helper.rb": {
        "lines": [
          1,
          null
        ]
      },
      "/myapp/app/helpers/top_helper.rb": {
        "lines": [
          1,
          null
        ]
      },
      "/myapp/spec/helpers/images_helper_spec.rb": {
        "lines": [
          1,
          null,
          null,
          null,
          null,
          null,
          null,
          null,
          null,
          null,
          null,
          null,
          null,
          null,
          null
        ]
      },
      "/myapp/spec/models/clip_spec.rb": {
        "lines": [
          1,
          null,
          1,
          1,
          1,
          null,
          2,
          2,
          2,
          2,
          2,
          null,
          null,
          2,
          2,
          2,
          null,
          1,
          1,
          1,
          1,
          1,
          null,
          null,
          null,
          null,
          null
        ]
      },
      "/myapp/app/models/clip.rb": {
        "lines": [
          1,
          1,
          1,
          1,
          1,
          null,
          1,
          1,
          1,
          1,
          1,
          1,
          null,
          null,
          null,
          12,
          null,
          11,
          null,
          null,
          1,
          0,
          null,
          null,
          null,
          1,
          0,
          null,
          null,
          null,
          1,
          null,
          null,
          null,
          null,
          null,
          null,
          null
        ]
      },
      "/myapp/spec/models/game_spec.rb": {
        "lines": [
          1,
          null,
          1,
          null,
          null
        ]
      },
      "/myapp/app/models/game.rb": {
        "lines": [
          1,
          1,
          null,
          1,
          1,
          1,
          null,
          null,
          1,
          0,
          null,
          null,
          1,
          0,
          null,
          null
        ]
      },
      "/myapp/spec/models/like_spec.rb": {
        "lines": [
          1,
          null,
          1,
          null
        ]
      },
      "/myapp/app/models/like.rb": {
        "lines": [
          1,
          1,
          1,
          1,
          null,
          1,
          1,
          null
        ]
      },
      "/myapp/spec/models/playlist_spec.rb": {
        "lines": [
          1,
          null,
          1,
          1,
          1,
          1,
          1,
          1,
          null,
          null,
          1,
          1,
          1,
          1,
          null,
          null,
          1,
          1,
          1,
          1,
          null,
          null,
          null,
          1,
          1,
          3,
          4,
          1,
          1,
          1,
          null,
          null,
          1,
          1,
          null,
          null,
          null,
          1,
          1,
          1,
          null,
          null,
          null,
          1,
          1,
          1,
          null,
          null,
          null,
          null,
          null,
          null,
          1,
          1,
          3,
          3,
          3,
          3,
          3,
          3,
          null,
          1,
          1,
          1,
          1,
          null,
          null,
          1,
          1,
          1,
          5,
          null,
          1,
          1,
          null,
          null,
          null,
          1,
          4,
          4,
          4,
          null,
          1,
          1,
          1,
          1,
          null,
          null,
          1,
          null,
          1,
          1,
          1,
          null,
          null,
          1,
          1,
          1,
          1,
          null,
          null,
          null,
          null
        ]
      },
      "/myapp/app/models/playlist.rb": {
        "lines": [
          1,
          null,
          1,
          null,
          1,
          1,
          1,
          1,
          null,
          null,
          1,
          1,
          null,
          null,
          1,
          5,
          null,
          null,
          null,
          1,
          2,
          null,
          null,
          null,
          null,
          2,
          null,
          null,
          null,
          1,
          3,
          null,
          null
        ]
      },
      "/myapp/spec/models/streamer_spec.rb": {
        "lines": [
          1,
          null,
          1,
          null,
          null
        ]
      },
      "/myapp/app/models/streamer.rb": {
        "lines": [
          1,
          1,
          1,
          1,
          null,
          1,
          1,
          1,
          1,
          null,
          null,
          1,
          0,
          null,
          null,
          null,
          1,
          0,
          null,
          null
        ]
      },
      "/myapp/spec/models/user_spec.rb": {
        "lines": [
          1,
          null,
          1,
          1,
          1,
          1,
          1,
          1,
          null,
          null,
          1,
          1,
          1,
          1,
          null,
          null,
          1,
          1,
          1,
          1,
          null,
          null,
          1,
          1,
          1,
          1,
          null,
          null,
          1,
          1,
          1,
          1,
          null,
          null,
          1,
          1,
          1,
          1,
          null,
          null,
          1,
          1,
          1,
          1,
          null,
          null,
          1,
          1,
          1,
          1,
          null,
          null,
          1,
          1,
          1,
          1,
          null,
          null,
          null
        ]
      },
      "/myapp/spec/requests/images_spec.rb": {
        "lines": [
          null,
          null,
          null,
          null,
          null,
          null,
          null,
          null,
          null,
          null
        ]
      },
      "/myapp/spec/requests/static_pages_spec.rb": {
        "lines": [
          null,
          null,
          null,
          null,
          null,
          null,
          null,
          null,
          null,
          null
        ]
      },
      "/myapp/spec/system/tops_spec.rb": {
        "lines": [
          1,
          null,
          1,
          1,
          2,
          null,
          null,
          1,
          3,
          null,
          1,
          2,
          2,
          2,
          null,
          null,
          1,
          2,
          2,
          2,
          null,
          null,
          null,
          3,
          3,
          3,
          3,
          3,
          null,
          null,
          3,
          3,
          3,
          3,
          3,
          null,
          1,
          1,
          1,
          1,
          1,
          null,
          1,
          null,
          null,
          1,
          1,
          1,
          3,
          null,
          null,
          null,
          null,
          null
        ]
      },
      "/myapp/app/models/playlist_clip.rb": {
        "lines": [
          1,
          null,
          1,
          1,
          null,
          null,
          11,
          null,
          null,
          1,
          1,
          1,
          null,
          null,
          1,
          null
        ]
      },
      "/myapp/app/controllers/tops_controller.rb": {
        "lines": [
          1,
          null,
          1,
          1,
          2,
          null,
          0,
          0,
          null,
          null,
          null,
          null,
          2,
          null,
          null,
          null,
          null,
          2,
          0,
          null,
          2,
          null,
          null,
          2,
          2,
          2,
          2,
          2,
          null,
          null
        ]
      },
      "/myapp/app/controllers/application_controller.rb": {
        "lines": [
          1,
          1,
          1,
          1,
          null,
          1,
          null,
          null,
          1,
          0,
          null,
          null,
          1,
          2,
          null,
          0,
          0,
          null,
          0,
          0,
          null,
          null,
          2,
          2,
          null,
          null,
          null,
          null,
          1,
          2,
          2,
          2,
          2,
          0,
          null,
          null,
          null,
          null,
          null,
          1,
          2,
          2,
          null,
          null
        ]
      }
    },
    "timestamp": 1737184992
  }
}
